<?xml version="1.0" encoding="UTF-8"?>
<!-- Generated by org.testng.reporters.JUnitReportReporter -->
<testsuite hostname="DESKTOP-BSREHGF" failures="0" tests="1" name="Test_Ng.Fetch_fromExcel" time="1.826" errors="0" timestamp="2023-05-24T13:01:23 IST" skipped="0">
  <testcase classname="Test_Ng.Fetch_fromExcel" name="fetchExcelData" time="1.826"/>
  <system-out/>
</testsuite> <!-- Test_Ng.Fetch_fromExcel -->
