<?xml version="1.0" encoding="UTF-8"?>
<!-- Generated by org.testng.reporters.JUnitReportReporter -->
<testsuite hostname="DESKTOP-BSREHGF" failures="0" tests="2" name="Test_Ng.testNg_01" time="0.069" errors="0" timestamp="2023-05-24T11:29:14 IST" skipped="0">
  <testcase classname="Test_Ng.testNg_01" name="Update" time="0.066"/>
  <system-out/>
  <testcase classname="Test_Ng.testNg_01" name="create" time="0.003"/>
  <system-out/>
</testsuite> <!-- Test_Ng.testNg_01 -->
